0 info it worked if it ends with ok
1 verbose cli [ '/usr/bin/node', '/usr/bin/npm', 'install' ]
2 info using npm@2.15.1
3 info using node@v0.10.46
4 verbose node symlink /usr/bin/node
5 verbose readDependencies loading dependencies from /var/www/html/claudio/package.json
6 error install Couldn't read dependencies
7 verbose stack Error: ENOENT, open '/var/www/html/claudio/package.json'
8 verbose cwd /var/www/html/claudio
9 error Linux 3.16.0-4-686-pae
10 error argv "/usr/bin/node" "/usr/bin/npm" "install"
11 error node v0.10.46
12 error npm  v2.15.1
13 error path /var/www/html/claudio/package.json
14 error code ENOPACKAGEJSON
15 error errno 34
16 error package.json ENOENT, open '/var/www/html/claudio/package.json'
16 error package.json This is most likely not a problem with npm itself.
16 error package.json npm can't find a package.json file in your current directory.
17 verbose exit [ 34, true ]
